<?xml version="1.0" encoding="UTF-8" ?>
<testsuite tests="5" failures="0" name="mx.iteso.ut.QuesadillaTest" time="0.344" errors="0" skipped="0">
  <properties>
[...]
</properties>
  <testcase classname="mx.iteso.ut.QuesadillaTest" name="quesadillaTerrible" time="0.32"/>
  <testcase classname="mx.iteso.ut.QuesadillaTest" name="quesadillaDoublePerfect" time="0.003"/>
  <testcase classname="mx.iteso.ut.QuesadillaTest" name="quesadillaBuena" time="0.007"/>
  <testcase classname="mx.iteso.ut.QuesadillaTest" name="quesadillaPerfecta" time="0.007"/>
  <testcase classname="mx.iteso.ut.QuesadillaTest" name="noHayGas" time="0.007"/>
</testsuite>