<?xml version="1.0" encoding="UTF-8" ?>
<testsuite tests="4" failures="0" name="mx.iteso.ut.TortillaMaizTest" time="0" errors="0" skipped="0">
  <properties>
[...]
</properties>
  <testcase classname="mx.iteso.ut.TortillaMaizTest" name="testFalseToast" time="0"/>
  <testcase classname="mx.iteso.ut.TortillaMaizTest" name="testToasting" time="0"/>
  <testcase classname="mx.iteso.ut.TortillaMaizTest" name="testTrueToast" time="0"/>
  <testcase classname="mx.iteso.ut.TortillaMaizTest" name="testCurrentTemperature" time="0"/>
</testsuite>