<?xml version="1.0" encoding="UTF-8" ?>
<testsuite tests="4" failures="0" name="mx.iteso.ut.QuesoChihuahuaTest" time="0" errors="0" skipped="0">
  <properties>
[...]
</properties>
  <testcase classname="mx.iteso.ut.QuesoChihuahuaTest" name="testTrueMelt" time="0"/>
  <testcase classname="mx.iteso.ut.QuesoChihuahuaTest" name="testFalseMelt" time="0"/>
  <testcase classname="mx.iteso.ut.QuesoChihuahuaTest" name="testMelting" time="0"/>
  <testcase classname="mx.iteso.ut.QuesoChihuahuaTest" name="testCurrentTemperature" time="0"/>
</testsuite>