<?xml version="1.0" encoding="UTF-8" ?>
<testsuite tests="4" failures="0" name="mx.iteso.ut.TortillaHarinaTest" time="0.031" errors="0" skipped="0">
  <properties>
[...]
</properties>
  <testcase classname="mx.iteso.ut.TortillaHarinaTest" name="testTrueMelt" time="0"/>
  <testcase classname="mx.iteso.ut.TortillaHarinaTest" name="testFalseMelt" time="0"/>
  <testcase classname="mx.iteso.ut.TortillaHarinaTest" name="testMelting" time="0.031"/>
  <testcase classname="mx.iteso.ut.TortillaHarinaTest" name="testCurrentTemperature" time="0"/>
</testsuite>